2021-07-01 22:44:27,425 - HandlerTime.Milliseconds:247.68|#ModelName:ocr_model,Level:Model|#hostname:manhbui-Inspiron-5567,requestID:2e33e9a4-d2ea-4345-b1bb-34de017457d9,timestamp:1625154267
2021-07-01 22:44:27,426 - PredictionTime.Milliseconds:247.74|#ModelName:ocr_model,Level:Model|#hostname:manhbui-Inspiron-5567,requestID:2e33e9a4-d2ea-4345-b1bb-34de017457d9,timestamp:1625154267
2021-07-02 08:47:59,250 - HandlerTime.Milliseconds:348.46|#ModelName:ocr_model,Level:Model|#hostname:manhbui-Inspiron-5567,requestID:14e97756-4d21-4cfe-8f40-35b7cd0e5e26,timestamp:1625190479
2021-07-02 08:47:59,251 - PredictionTime.Milliseconds:348.52|#ModelName:ocr_model,Level:Model|#hostname:manhbui-Inspiron-5567,requestID:14e97756-4d21-4cfe-8f40-35b7cd0e5e26,timestamp:1625190479
2021-07-02 09:16:04,318 - HandlerTime.Milliseconds:189.67|#ModelName:ocr_model,Level:Model|#hostname:manhbui-Inspiron-5567,requestID:ec9f3a0d-1f61-4ab8-a022-0eb85d095dd2,timestamp:1625192164
2021-07-02 09:16:04,318 - PredictionTime.Milliseconds:189.73|#ModelName:ocr_model,Level:Model|#hostname:manhbui-Inspiron-5567,requestID:ec9f3a0d-1f61-4ab8-a022-0eb85d095dd2,timestamp:1625192164
2021-07-02 09:16:15,699 - HandlerTime.Milliseconds:164.09|#ModelName:ocr_model,Level:Model|#hostname:manhbui-Inspiron-5567,requestID:513a05ea-a390-4c1e-be5f-e9be4c971e97,timestamp:1625192175
2021-07-02 09:16:15,699 - PredictionTime.Milliseconds:164.15|#ModelName:ocr_model,Level:Model|#hostname:manhbui-Inspiron-5567,requestID:513a05ea-a390-4c1e-be5f-e9be4c971e97,timestamp:1625192175
2021-07-02 09:33:53,733 - HandlerTime.Milliseconds:156.65|#ModelName:ocr_model1,Level:Model|#hostname:manhbui-Inspiron-5567,requestID:99bd1a96-1698-4d3b-8c1f-5e05d27725c2,timestamp:1625193233
2021-07-02 09:33:53,733 - PredictionTime.Milliseconds:156.71|#ModelName:ocr_model1,Level:Model|#hostname:manhbui-Inspiron-5567,requestID:99bd1a96-1698-4d3b-8c1f-5e05d27725c2,timestamp:1625193233
2021-07-02 09:53:55,969 - HandlerTime.Milliseconds:228.31|#ModelName:ocr_model1,Level:Model|#hostname:manhbui-Inspiron-5567,requestID:6dadbc7a-a7d1-4880-be90-37dccc09ee3e,timestamp:1625194435
2021-07-02 09:53:55,970 - PredictionTime.Milliseconds:228.38|#ModelName:ocr_model1,Level:Model|#hostname:manhbui-Inspiron-5567,requestID:6dadbc7a-a7d1-4880-be90-37dccc09ee3e,timestamp:1625194435
2021-07-02 09:54:06,653 - HandlerTime.Milliseconds:187.86|#ModelName:ocr_model1,Level:Model|#hostname:manhbui-Inspiron-5567,requestID:a5b13ae7-0809-4097-98cf-7222dc57ada9,timestamp:1625194446
2021-07-02 09:54:06,654 - PredictionTime.Milliseconds:187.92|#ModelName:ocr_model1,Level:Model|#hostname:manhbui-Inspiron-5567,requestID:a5b13ae7-0809-4097-98cf-7222dc57ada9,timestamp:1625194446
2021-07-02 11:43:30,290 - HandlerTime.Milliseconds:231.09|#ModelName:ocr_model1,Level:Model|#hostname:manhbui-Inspiron-5567,requestID:ef3253b0-aab5-4c1f-bef4-2713d7341aee,timestamp:1625201010
2021-07-02 11:43:30,291 - PredictionTime.Milliseconds:231.15|#ModelName:ocr_model1,Level:Model|#hostname:manhbui-Inspiron-5567,requestID:ef3253b0-aab5-4c1f-bef4-2713d7341aee,timestamp:1625201010
2021-07-02 12:37:30,906 - HandlerTime.Milliseconds:151.4|#ModelName:ocr_model1,Level:Model|#hostname:manhbui-Inspiron-5567,requestID:8dbceed5-4541-4fff-a3ee-d74363aaf983,timestamp:1625204250
2021-07-02 12:37:30,906 - PredictionTime.Milliseconds:151.46|#ModelName:ocr_model1,Level:Model|#hostname:manhbui-Inspiron-5567,requestID:8dbceed5-4541-4fff-a3ee-d74363aaf983,timestamp:1625204250
2021-07-02 13:52:03,767 - HandlerTime.Milliseconds:188.88|#ModelName:ocr_model,Level:Model|#hostname:manhbui-Inspiron-5567,requestID:cfdad52b-2373-489b-9345-88d40e725da6,timestamp:1625208723
2021-07-02 13:52:03,769 - PredictionTime.Milliseconds:188.94|#ModelName:ocr_model,Level:Model|#hostname:manhbui-Inspiron-5567,requestID:cfdad52b-2373-489b-9345-88d40e725da6,timestamp:1625208723
2021-07-02 14:22:25,777 - HandlerTime.Milliseconds:157.65|#ModelName:ocr_model,Level:Model|#hostname:manhbui-Inspiron-5567,requestID:64160d17-730e-4f85-8a0a-ce83456e8337,timestamp:1625210545
2021-07-02 14:22:25,780 - PredictionTime.Milliseconds:157.72|#ModelName:ocr_model,Level:Model|#hostname:manhbui-Inspiron-5567,requestID:64160d17-730e-4f85-8a0a-ce83456e8337,timestamp:1625210545
2021-07-02 16:46:40,882 - HandlerTime.Milliseconds:350.25|#ModelName:ocr_model,Level:Model|#hostname:manhbui-Inspiron-5567,requestID:01517ce8-330f-4286-9aca-1984b8dc489f,timestamp:1625219200
2021-07-02 16:46:40,886 - PredictionTime.Milliseconds:350.32|#ModelName:ocr_model,Level:Model|#hostname:manhbui-Inspiron-5567,requestID:01517ce8-330f-4286-9aca-1984b8dc489f,timestamp:1625219200
2021-07-07 22:13:53,497 - HandlerTime.Milliseconds:297.51|#ModelName:ocr_model,Level:Model|#hostname:manhbui-Inspiron-5567,requestID:67937a91-6085-4f26-b703-f0f1e7bac02e,timestamp:1625670833
2021-07-07 22:13:53,498 - PredictionTime.Milliseconds:297.58|#ModelName:ocr_model,Level:Model|#hostname:manhbui-Inspiron-5567,requestID:67937a91-6085-4f26-b703-f0f1e7bac02e,timestamp:1625670833
2021-07-07 22:22:52,083 - HandlerTime.Milliseconds:175.93|#ModelName:ocr_model,Level:Model|#hostname:manhbui-Inspiron-5567,requestID:f9205982-26a5-4ddd-a04b-d7b98f101781,timestamp:1625671372
2021-07-07 22:22:52,089 - PredictionTime.Milliseconds:176.0|#ModelName:ocr_model,Level:Model|#hostname:manhbui-Inspiron-5567,requestID:f9205982-26a5-4ddd-a04b-d7b98f101781,timestamp:1625671372
2021-07-07 22:45:25,388 - HandlerTime.Milliseconds:192.39|#ModelName:ocr_model,Level:Model|#hostname:manhbui-Inspiron-5567,requestID:9d6e8cb1-319e-4c84-bcae-b556d612697d,timestamp:1625672725
2021-07-07 22:45:25,398 - PredictionTime.Milliseconds:192.46|#ModelName:ocr_model,Level:Model|#hostname:manhbui-Inspiron-5567,requestID:9d6e8cb1-319e-4c84-bcae-b556d612697d,timestamp:1625672725
2021-07-08 06:08:54,590 - HandlerTime.Milliseconds:248.06|#ModelName:ocr_model,Level:Model|#hostname:manhbui-Inspiron-5567,requestID:9fbeaaee-adeb-4ae8-8402-1286b0d62081,timestamp:1625699334
2021-07-08 06:08:54,610 - PredictionTime.Milliseconds:248.13|#ModelName:ocr_model,Level:Model|#hostname:manhbui-Inspiron-5567,requestID:9fbeaaee-adeb-4ae8-8402-1286b0d62081,timestamp:1625699334
2021-07-08 06:10:00,444 - HandlerTime.Milliseconds:254.97|#ModelName:ocr_model,Level:Model|#hostname:manhbui-Inspiron-5567,requestID:803c3477-0c95-405f-8801-9b1958c2d7b5,timestamp:1625699400
2021-07-08 06:10:00,461 - PredictionTime.Milliseconds:255.04|#ModelName:ocr_model,Level:Model|#hostname:manhbui-Inspiron-5567,requestID:803c3477-0c95-405f-8801-9b1958c2d7b5,timestamp:1625699400
2021-07-08 06:11:26,838 - HandlerTime.Milliseconds:290.85|#ModelName:ocr_model,Level:Model|#hostname:manhbui-Inspiron-5567,requestID:52e1aeeb-e3a5-4b01-add8-5f8804410bc7,timestamp:1625699486
2021-07-08 06:11:26,838 - PredictionTime.Milliseconds:290.92|#ModelName:ocr_model,Level:Model|#hostname:manhbui-Inspiron-5567,requestID:52e1aeeb-e3a5-4b01-add8-5f8804410bc7,timestamp:1625699486
2021-07-08 06:12:15,818 - HandlerTime.Milliseconds:265.54|#ModelName:ocr_model,Level:Model|#hostname:manhbui-Inspiron-5567,requestID:49b24d5b-54ef-4a8f-90c2-ea6df09e2337,timestamp:1625699535
2021-07-08 06:12:15,819 - PredictionTime.Milliseconds:265.61|#ModelName:ocr_model,Level:Model|#hostname:manhbui-Inspiron-5567,requestID:49b24d5b-54ef-4a8f-90c2-ea6df09e2337,timestamp:1625699535
2021-07-08 06:13:25,001 - HandlerTime.Milliseconds:98.25|#ModelName:ocr_model,Level:Model|#hostname:manhbui-Inspiron-5567,requestID:10c84b53-b62d-4665-8dac-10cc525c67e6,timestamp:1625699604
2021-07-08 06:13:25,002 - PredictionTime.Milliseconds:98.3|#ModelName:ocr_model,Level:Model|#hostname:manhbui-Inspiron-5567,requestID:10c84b53-b62d-4665-8dac-10cc525c67e6,timestamp:1625699604
2021-07-08 06:16:08,363 - HandlerTime.Milliseconds:167.5|#ModelName:ocr_model,Level:Model|#hostname:manhbui-Inspiron-5567,requestID:e51b38a7-eaad-460e-b304-e6cadf88e66b,timestamp:1625699768
2021-07-08 06:16:08,373 - PredictionTime.Milliseconds:167.54|#ModelName:ocr_model,Level:Model|#hostname:manhbui-Inspiron-5567,requestID:e51b38a7-eaad-460e-b304-e6cadf88e66b,timestamp:1625699768
2021-07-08 06:19:07,650 - HandlerTime.Milliseconds:166.84|#ModelName:ocr_model,Level:Model|#hostname:manhbui-Inspiron-5567,requestID:8a0127a3-7ae0-4f1d-8fde-c574706370a3,timestamp:1625699947
2021-07-08 06:19:07,650 - PredictionTime.Milliseconds:166.88|#ModelName:ocr_model,Level:Model|#hostname:manhbui-Inspiron-5567,requestID:8a0127a3-7ae0-4f1d-8fde-c574706370a3,timestamp:1625699947
2021-07-08 06:21:16,601 - HandlerTime.Milliseconds:195.42|#ModelName:ocr_model,Level:Model|#hostname:manhbui-Inspiron-5567,requestID:153ba12b-042d-4b18-81d9-ee9f67767455,timestamp:1625700076
2021-07-08 06:21:16,602 - PredictionTime.Milliseconds:195.46|#ModelName:ocr_model,Level:Model|#hostname:manhbui-Inspiron-5567,requestID:153ba12b-042d-4b18-81d9-ee9f67767455,timestamp:1625700076
