2021-07-16 11:07:23,670 - CPUUtilization.Percent:0.0|#Level:Host|#hostname:manhbui-Inspiron-5567,timestamp:1626408443
2021-07-16 11:07:23,673 - DiskAvailable.Gigabytes:47.822532653808594|#Level:Host|#hostname:manhbui-Inspiron-5567,timestamp:1626408443
2021-07-16 11:07:23,679 - DiskUsage.Gigabytes:26.096721649169922|#Level:Host|#hostname:manhbui-Inspiron-5567,timestamp:1626408443
2021-07-16 11:07:23,679 - DiskUtilization.Percent:35.3|#Level:Host|#hostname:manhbui-Inspiron-5567,timestamp:1626408443
2021-07-16 11:07:23,679 - MemoryAvailable.Megabytes:2244.85546875|#Level:Host|#hostname:manhbui-Inspiron-5567,timestamp:1626408443
2021-07-16 11:07:23,679 - MemoryUsed.Megabytes:4641.82421875|#Level:Host|#hostname:manhbui-Inspiron-5567,timestamp:1626408443
2021-07-16 11:07:23,680 - MemoryUtilization.Percent:71.4|#Level:Host|#hostname:manhbui-Inspiron-5567,timestamp:1626408443
2021-07-16 11:07:25,343 - W-9003-ocr_model_1.0.ms:2878|#Level:Host|#hostname:manhbui-Inspiron-5567,timestamp:1626408445
2021-07-16 11:07:25,351 - WorkerThreadTime.ms:110|#Level:Host|#hostname:manhbui-Inspiron-5567,timestamp:null
2021-07-16 11:07:25,354 - W-9000-ocr_model_1.0.ms:2911|#Level:Host|#hostname:manhbui-Inspiron-5567,timestamp:1626408445
2021-07-16 11:07:25,354 - WorkerThreadTime.ms:128|#Level:Host|#hostname:manhbui-Inspiron-5567,timestamp:null
2021-07-16 11:07:25,394 - W-9002-ocr_model_1.0.ms:2944|#Level:Host|#hostname:manhbui-Inspiron-5567,timestamp:1626408445
2021-07-16 11:07:25,394 - WorkerThreadTime.ms:121|#Level:Host|#hostname:manhbui-Inspiron-5567,timestamp:null
2021-07-16 11:07:25,400 - W-9001-ocr_model_1.0.ms:2953|#Level:Host|#hostname:manhbui-Inspiron-5567,timestamp:1626408445
2021-07-16 11:07:25,400 - WorkerThreadTime.ms:135|#Level:Host|#hostname:manhbui-Inspiron-5567,timestamp:null
2021-07-16 11:08:11,109 - Requests2XX.Count:1|#Level:Host|#hostname:manhbui-Inspiron-5567,timestamp:null
2021-07-16 11:08:11,112 - QueueTime.ms:0|#Level:Host|#hostname:manhbui-Inspiron-5567,timestamp:null
2021-07-16 11:08:11,112 - WorkerThreadTime.ms:9|#Level:Host|#hostname:manhbui-Inspiron-5567,timestamp:null
2021-07-16 11:08:23,625 - CPUUtilization.Percent:0.0|#Level:Host|#hostname:manhbui-Inspiron-5567,timestamp:1626408503
2021-07-16 11:08:23,625 - DiskAvailable.Gigabytes:47.82094192504883|#Level:Host|#hostname:manhbui-Inspiron-5567,timestamp:1626408503
2021-07-16 11:08:23,626 - DiskUsage.Gigabytes:26.098312377929688|#Level:Host|#hostname:manhbui-Inspiron-5567,timestamp:1626408503
2021-07-16 11:08:23,626 - DiskUtilization.Percent:35.3|#Level:Host|#hostname:manhbui-Inspiron-5567,timestamp:1626408503
2021-07-16 11:08:23,626 - MemoryAvailable.Megabytes:1680.1328125|#Level:Host|#hostname:manhbui-Inspiron-5567,timestamp:1626408503
2021-07-16 11:08:23,626 - MemoryUsed.Megabytes:5152.19140625|#Level:Host|#hostname:manhbui-Inspiron-5567,timestamp:1626408503
2021-07-16 11:08:23,626 - MemoryUtilization.Percent:78.6|#Level:Host|#hostname:manhbui-Inspiron-5567,timestamp:1626408503
2021-07-16 11:09:23,656 - CPUUtilization.Percent:0.0|#Level:Host|#hostname:manhbui-Inspiron-5567,timestamp:1626408563
2021-07-16 11:09:23,657 - DiskAvailable.Gigabytes:47.82102966308594|#Level:Host|#hostname:manhbui-Inspiron-5567,timestamp:1626408563
2021-07-16 11:09:23,657 - DiskUsage.Gigabytes:26.098224639892578|#Level:Host|#hostname:manhbui-Inspiron-5567,timestamp:1626408563
2021-07-16 11:09:23,657 - DiskUtilization.Percent:35.3|#Level:Host|#hostname:manhbui-Inspiron-5567,timestamp:1626408563
2021-07-16 11:09:23,657 - MemoryAvailable.Megabytes:1809.359375|#Level:Host|#hostname:manhbui-Inspiron-5567,timestamp:1626408563
2021-07-16 11:09:23,657 - MemoryUsed.Megabytes:5000.671875|#Level:Host|#hostname:manhbui-Inspiron-5567,timestamp:1626408563
2021-07-16 11:09:23,657 - MemoryUtilization.Percent:77.0|#Level:Host|#hostname:manhbui-Inspiron-5567,timestamp:1626408563
2021-07-16 11:10:23,727 - CPUUtilization.Percent:0.0|#Level:Host|#hostname:manhbui-Inspiron-5567,timestamp:1626408623
2021-07-16 11:10:23,727 - DiskAvailable.Gigabytes:47.8210334777832|#Level:Host|#hostname:manhbui-Inspiron-5567,timestamp:1626408623
2021-07-16 11:10:23,728 - DiskUsage.Gigabytes:26.098220825195312|#Level:Host|#hostname:manhbui-Inspiron-5567,timestamp:1626408623
2021-07-16 11:10:23,728 - DiskUtilization.Percent:35.3|#Level:Host|#hostname:manhbui-Inspiron-5567,timestamp:1626408623
2021-07-16 11:10:23,728 - MemoryAvailable.Megabytes:1766.37890625|#Level:Host|#hostname:manhbui-Inspiron-5567,timestamp:1626408623
2021-07-16 11:10:23,728 - MemoryUsed.Megabytes:5043.03515625|#Level:Host|#hostname:manhbui-Inspiron-5567,timestamp:1626408623
2021-07-16 11:10:23,728 - MemoryUtilization.Percent:77.5|#Level:Host|#hostname:manhbui-Inspiron-5567,timestamp:1626408623
